生成启动时间为 2015/4/13 11:16:56。
     1>项目“C:\Users\zhanghang-user\Desktop\CG\DDA\DDA\DDA.vcxproj”在节点 2 上(Build 个目标)。
     1>ClCompile:
         D:\Softwares_system_append\VisualStudio\VC\bin\CL.exe /c /ZI /nologo /W3 /WX- /Od /Oy- /D WIN32 /D _DEBUG /D _CONSOLE /D _LIB /D _UNICODE /D UNICODE /Gm /EHsc /RTC1 /MDd /GS /fp:precise /Zc:wchar_t /Zc:forScope /Fo"Debug\\" /Fd"Debug\vc120.pdb" /Gd /TP /analyze- /errorReport:prompt DDALine.cpp
         DDALine.cpp
     1>c:\users\zhanghang-user\desktop\cg\dda\dda\ddaline.cpp(14): error C3861: “setPixel”:  找不到标识符
     1>c:\users\zhanghang-user\desktop\cg\dda\dda\ddaline.cpp(20): error C2065: “cout”: 未声明的标识符
     1>c:\users\zhanghang-user\desktop\cg\dda\dda\ddaline.cpp(20): error C2065: “endl”: 未声明的标识符
     1>c:\users\zhanghang-user\desktop\cg\dda\dda\ddaline.cpp(21): error C2065: “cin”: 未声明的标识符
     1>c:\users\zhanghang-user\desktop\cg\dda\dda\ddaline.cpp(21): error C2065: “x0”: 未声明的标识符
     1>c:\users\zhanghang-user\desktop\cg\dda\dda\ddaline.cpp(21): error C2065: “x1”: 未声明的标识符
     1>c:\users\zhanghang-user\desktop\cg\dda\dda\ddaline.cpp(22): error C2065: “x0”: 未声明的标识符
     1>c:\users\zhanghang-user\desktop\cg\dda\dda\ddaline.cpp(22): error C2065: “x1”: 未声明的标识符
     1>c:\users\zhanghang-user\desktop\cg\dda\dda\ddaline.cpp(23): error C2143: 语法错误 : 缺少“;”(在“return”的前面)
     1>c:\users\zhanghang-user\desktop\cg\dda\dda\ddaline.cpp(22): error C3861: “DDAline”:  找不到标识符
     1>已完成生成项目“C:\Users\zhanghang-user\Desktop\CG\DDA\DDA\DDA.vcxproj”(Build 个目标)的操作 - 失败。

生成失败。

已用时间 00:00:00.14
